# JRE version: OpenJDK Runtime Environment (11.0.8+10) (build 11.0.8+10-post-Debian-1deb10u1)
# Java VM: OpenJDK 64-Bit Server VM (11.0.8+10-post-Debian-1deb10u1, mixed mode, sharing, tiered, compressed oops, g1 gc, linux-amd64)
Heap:
 garbage-first heap   total 998400K, used 109463K [0x0000000085000000, 0x0000000100000000)
  region size 1024K, 30 young (30720K), 30 survivors (30720K)
 Metaspace       used 3027K, capacity 4962K, committed 5120K, reserved 1056768K
  class space    used 274K, capacity 459K, committed 512K, reserved 1048576K
GC Heap History (20 events):
Event: 0,476 GC heap after
{Heap after GC invocations=3 (full 0):
 garbage-first heap   total 129024K, used 12240K [0x0000000085000000, 0x0000000100000000)
  region size 1024K, 9 young (9216K), 9 survivors (9216K)
 Metaspace       used 3025K, capacity 4962K, committed 5120K, reserved 1056768K
  class space    used 274K, capacity 459K, committed 512K, reserved 1048576K
}
Event: 0,529 GC heap before
{Heap before GC invocations=3 (full 0):
 garbage-first heap   total 129024K, used 81872K [0x0000000085000000, 0x0000000100000000)
  region size 1024K, 74 young (75776K), 9 survivors (9216K)
 Metaspace       used 3027K, capacity 4962K, committed 5120K, reserved 1056768K
  class space    used 274K, capacity 459K, committed 512K, reserved 1048576K
}
Event: 0,541 GC heap after
{Heap after GC invocations=4 (full 0):
 garbage-first heap   total 129024K, used 19003K [0x0000000085000000, 0x0000000100000000)
  region size 1024K, 8 young (8192K), 8 survivors (8192K)
 Metaspace       used 3027K, capacity 4962K, committed 5120K, reserved 1056768K
  class space    used 274K, capacity 459K, committed 512K, reserved 1048576K
}
Event: 0,576 GC heap before
{Heap before GC invocations=4 (full 0):
 garbage-first heap   total 129024K, used 86587K [0x0000000085000000, 0x0000000100000000)
  region size 1024K, 74 young (75776K), 8 survivors (8192K)
 Metaspace       used 3027K, capacity 4962K, committed 5120K, reserved 1056768K
  class space    used 274K, capacity 459K, committed 512K, reserved 1048576K
}
Event: 0,590 GC heap after
{Heap after GC invocations=5 (full 0):
 garbage-first heap   total 240640K, used 23051K [0x0000000085000000, 0x0000000100000000)
  region size 1024K, 8 young (8192K), 8 survivors (8192K)
 Metaspace       used 3027K, capacity 4962K, committed 5120K, reserved 1056768K
  class space    used 274K, capacity 459K, committed 512K, reserved 1048576K
}
Event: 0,613 GC heap before
{Heap before GC invocations=5 (full 0):
 garbage-first heap   total 240640K, used 55819K [0x0000000085000000, 0x0000000100000000)
  region size 1024K, 39 young (39936K), 8 survivors (8192K)
 Metaspace       used 3027K, capacity 4962K, committed 5120K, reserved 1056768K
  class space    used 274K, capacity 459K, committed 512K, reserved 1048576K
}
Event: 0,623 GC heap after
{Heap after GC invocations=6 (full 0):
 garbage-first heap   total 240640K, used 26166K [0x0000000085000000, 0x0000000100000000)
  region size 1024K, 3 young (3072K), 3 survivors (3072K)
 Metaspace       used 3027K, capacity 4962K, committed 5120K, reserved 1056768K
  class space    used 274K, capacity 459K, committed 512K, reserved 1048576K
}
Event: 0,715 GC heap before
{Heap before GC invocations=6 (full 0):
 garbage-first heap   total 240640K, used 156214K [0x0000000085000000, 0x0000000100000000)
  region size 1024K, 127 young (130048K), 3 survivors (3072K)
 Metaspace       used 3027K, capacity 4962K, committed 5120K, reserved 1056768K
  class space    used 274K, capacity 459K, committed 512K, reserved 1048576K
}
Event: 0,728 GC heap after
{Heap after GC invocations=7 (full 0):
 garbage-first heap   total 240640K, used 36108K [0x0000000085000000, 0x0000000100000000)
  region size 1024K, 9 young (9216K), 9 survivors (9216K)
 Metaspace       used 3027K, capacity 4962K, committed 5120K, reserved 1056768K
  class space    used 274K, capacity 459K, committed 512K, reserved 1048576K
}
Event: 0,783 GC heap before
{Heap before GC invocations=7 (full 0):
 garbage-first heap   total 240640K, used 172300K [0x0000000085000000, 0x0000000100000000)
  region size 1024K, 140 young (143360K), 9 survivors (9216K)
 Metaspace       used 3027K, capacity 4962K, committed 5120K, reserved 1056768K
  class space    used 274K, capacity 459K, committed 512K, reserved 1048576K
}
Event: 0,799 GC heap after
{Heap after GC invocations=8 (full 0):
 garbage-first heap   total 240640K, used 46220K [0x0000000085000000, 0x0000000100000000)
  region size 1024K, 17 young (17408K), 17 survivors (17408K)
 Metaspace       used 3027K, capacity 4962K, committed 5120K, reserved 1056768K
  class space    used 274K, capacity 459K, committed 512K, reserved 1048576K
}
Event: 0,853 GC heap before
{Heap before GC invocations=8 (full 0):
 garbage-first heap   total 240640K, used 176268K [0x0000000085000000, 0x0000000100000000)
  region size 1024K, 141 young (144384K), 17 survivors (17408K)
 Metaspace       used 3027K, capacity 4962K, committed 5120K, reserved 1056768K
  class space    used 274K, capacity 459K, committed 512K, reserved 1048576K
}
Event: 0,876 GC heap after
{Heap after GC invocations=9 (full 0):
 garbage-first heap   total 494592K, used 57354K [0x0000000085000000, 0x0000000100000000)
  region size 1024K, 16 young (16384K), 16 survivors (16384K)
 Metaspace       used 3027K, capacity 4962K, committed 5120K, reserved 1056768K
  class space    used 274K, capacity 459K, committed 512K, reserved 1048576K
}
Event: 0,918 GC heap before
{Heap before GC invocations=9 (full 0):
 garbage-first heap   total 494592K, used 91146K [0x0000000085000000, 0x0000000100000000)
  region size 1024K, 44 young (45056K), 16 survivors (16384K)
 Metaspace       used 3027K, capacity 4962K, committed 5120K, reserved 1056768K
  class space    used 274K, capacity 459K, committed 512K, reserved 1048576K
}
Event: 0,938 GC heap after
{Heap after GC invocations=10 (full 0):
 garbage-first heap   total 494592K, used 64140K [0x0000000085000000, 0x0000000100000000)
  region size 1024K, 3 young (3072K), 3 survivors (3072K)
 Metaspace       used 3027K, capacity 4962K, committed 5120K, reserved 1056768K
  class space    used 274K, capacity 459K, committed 512K, reserved 1048576K
}
Event: 1,071 GC heap before
{Heap before GC invocations=10 (full 0):
 garbage-first heap   total 494592K, used 275084K [0x0000000085000000, 0x0000000100000000)
  region size 1024K, 209 young (214016K), 3 survivors (3072K)
 Metaspace       used 3027K, capacity 4962K, committed 5120K, reserved 1056768K
  class space    used 274K, capacity 459K, committed 512K, reserved 1048576K
}
Event: 1,090 GC heap after
{Heap after GC invocations=11 (full 0):
 garbage-first heap   total 494592K, used 75081K [0x0000000085000000, 0x0000000100000000)
  region size 1024K, 14 young (14336K), 14 survivors (14336K)
 Metaspace       used 3027K, capacity 4962K, committed 5120K, reserved 1056768K
  class space    used 274K, capacity 459K, committed 512K, reserved 1048576K
}
Event: 1,187 GC heap before
{Heap before GC invocations=11 (full 0):
 garbage-first heap   total 494592K, used 323913K [0x0000000085000000, 0x0000000100000000)
  region size 1024K, 253 young (259072K), 14 survivors (14336K)
 Metaspace       used 3027K, capacity 4962K, committed 5120K, reserved 1056768K
  class space    used 274K, capacity 459K, committed 512K, reserved 1048576K
}
Event: 1,212 GC heap after
{Heap after GC invocations=12 (full 0):
 garbage-first heap   total 494592K, used 93244K [0x0000000085000000, 0x0000000100000000)
  region size 1024K, 28 young (28672K), 28 survivors (28672K)
 Metaspace       used 3027K, capacity 4962K, committed 5120K, reserved 1056768K
  class space    used 274K, capacity 459K, committed 512K, reserved 1048576K
}
Event: 1,309 GC heap before
{Heap before GC invocations=12 (full 0):
 garbage-first heap   total 494592K, used 360508K [0x0000000085000000, 0x0000000100000000)
  region size 1024K, 289 young (295936K), 28 survivors (28672K)
 Metaspace       used 3027K, capacity 4962K, committed 5120K, reserved 1056768K
  class space    used 274K, capacity 459K, committed 512K, reserved 1048576K
}

